<?xml version="1.0" encoding="UTF-8"?>

<!--suppress PackageAccessibility, SpringPlaceholdersInspection -->
<beans xmlns:xsi="http://www.w3.org/2001/XMLSchema-instance"
       xmlns:context="http://www.springframework.org/schema/context"
       xmlns:jdbc="http://www.springframework.org/schema/jdbc"
       xmlns="http://www.springframework.org/schema/beans"
       xsi:schemaLocation="http://www.springframework.org/schema/beans http://www.springframework.org/schema/beans/spring-beans.xsd
       http://www.springframework.org/schema/context http://www.springframework.org/schema/context/spring-context.xsd
       http://www.springframework.org/schema/jdbc http://www.springframework.org/schema/jdbc/spring-jdbc.xsd">

    <context:component-scan base-package="com.redhat.fuse"/>

    <bean id="camelProperties" class="org.springframework.beans.factory.config.PropertiesFactoryBean">
        <property name="properties">
            <props>

            </props>
        </property>
    </bean>

    <!-- Initialization for data source -->
    <jdbc:embedded-database id="dataSource" type="HSQL">
        <jdbc:script location="classpath:db/hsql_init.sql"/>
    </jdbc:embedded-database>

    <bean id="jdbcTemplate" class="org.springframework.jdbc.core.JdbcTemplate">
        <property name="dataSource" ref="dataSource"/>
    </bean>

</beans>